#! /c/Source/iverilog-install/bin/vvp
:ivl_version "12.0 (devel)" "(s20150603-1110-g18392a46)";
:ivl_delay_selection "TYPICAL";
:vpi_time_precision + 0;
:vpi_module "C:\iverilog\lib\ivl\system.vpi";
:vpi_module "C:\iverilog\lib\ivl\vhdl_sys.vpi";
:vpi_module "C:\iverilog\lib\ivl\vhdl_textio.vpi";
:vpi_module "C:\iverilog\lib\ivl\v2005_math.vpi";
:vpi_module "C:\iverilog\lib\ivl\va_math.vpi";
S_000001f197208c90 .scope module, "UI_tb" "UI_tb" 2 1;
 .timescale 0 0;
v000001f1972790b0_0 .var "c", 7 0;
v000001f197279150_0 .var "dclk", 0 0;
v000001f197279c40_0 .var "din", 7 0;
v000001f197279f60_0 .net "dout", 7 0, v000001f1971e2ec0_0;  1 drivers
v000001f19727a000 .array "encrypted_message", 0 1023, 7 0;
v000001f197279420_0 .var/i "file", 31 0;
v000001f197279600_0 .var/i "i", 31 0;
v000001f197279a60 .array "key", 0 4, 7 0;
v000001f19727a0a0_0 .var "key_length", 7 0;
v000001f1972796a0_0 .var "kset", 0 0;
v000001f1972799c0 .array "message", 0 1023, 7 0;
v000001f197279b00_0 .var "message_length", 10 0;
v000001f197279ba0_0 .var "reset", 0 0;
S_000001f197228ab0 .scope module, "dut" "DEA" 2 25, 3 2 0, S_000001f197208c90;
 .timescale 0 0;
    .port_info 0 /INPUT 1 "reset";
    .port_info 1 /INPUT 1 "dclk";
    .port_info 2 /INPUT 1 "kset";
    .port_info 3 /INPUT 8 "din";
    .port_info 4 /INPUT 3 "num_keys";
    .port_info 5 /INPUT 32 "keys";
    .port_info 6 /OUTPUT 8 "dout";
v000001f1971e2ce0_0 .var "current_key", 2 0;
v000001f1971e2d80_0 .net "dclk", 0 0, v000001f197279150_0;  1 drivers
v000001f1971e2e20_0 .net "din", 7 0, v000001f197279c40_0;  1 drivers
v000001f1971e2ec0_0 .var "dout", 7 0;
v000001f1971e2f60_0 .net "keys", 31 0, v000001f19721f580_0;  1 drivers
v000001f1971e3000_0 .net "kset", 0 0, v000001f1972796a0_0;  1 drivers
v000001f1971e30a0_0 .net "num_keys", 2 0, v000001f197228dd0_0;  1 drivers
v000001f197279010_0 .net "reset", 0 0, v000001f197279ba0_0;  1 drivers
S_000001f197228c40 .scope module, "k" "key_reg" 3 19, 4 1 0, S_000001f197228ab0;
 .timescale 0 0;
    .port_info 0 /INPUT 8 "din";
    .port_info 1 /INPUT 1 "reset";
    .port_info 2 /INPUT 1 "dclk";
    .port_info 3 /INPUT 1 "kset";
    .port_info 4 /OUTPUT 3 "num_keys";
    .port_info 5 /OUTPUT 32 "keys";
v000001f1971cba80_0 .net "dclk", 0 0, v000001f197279150_0;  alias, 1 drivers
v000001f1971e3930_0 .net "din", 7 0, v000001f197279c40_0;  alias, 1 drivers
v000001f19721f580_0 .var "keys", 31 0;
v000001f197208e20_0 .net "kset", 0 0, v000001f1972796a0_0;  alias, 1 drivers
v000001f197228dd0_0 .var "num_keys", 2 0;
v000001f197228e70_0 .net "reset", 0 0, v000001f197279ba0_0;  alias, 1 drivers
E_000001f19720b010 .event posedge, v000001f1971cba80_0;
    .scope S_000001f197228c40;
T_0 ;
    %wait E_000001f19720b010;
    %load/vec4 v000001f197228e70_0;
    %flag_set/vec4 8;
    %jmp/0xz  T_0.0, 8;
    %pushi/vec4 0, 0, 32;
    %assign/vec4 v000001f19721f580_0, 0;
    %pushi/vec4 0, 0, 3;
    %assign/vec4 v000001f197228dd0_0, 0;
T_0.0 ;
    %load/vec4 v000001f197208e20_0;
    %pad/u 32;
    %cmpi/e 1, 0, 32;
    %jmp/0xz  T_0.2, 4;
    %load/vec4 v000001f197228dd0_0;
    %pad/u 32;
    %cmpi/e 0, 0, 32;
    %jmp/0xz  T_0.4, 4;
    %load/vec4 v000001f1971e3930_0;
    %ix/load 4, 0, 0;
    %ix/load 5, 0, 0;
    %flag_set/imm 4, 0;
    %assign/vec4/off/d v000001f19721f580_0, 4, 5;
    %pushi/vec4 1, 0, 3;
    %assign/vec4 v000001f197228dd0_0, 0;
T_0.4 ;
    %load/vec4 v000001f197228dd0_0;
    %pad/u 32;
    %cmpi/e 1, 0, 32;
    %jmp/0xz  T_0.6, 4;
    %load/vec4 v000001f1971e3930_0;
    %ix/load 4, 8, 0;
    %ix/load 5, 0, 0;
    %flag_set/imm 4, 0;
    %assign/vec4/off/d v000001f19721f580_0, 4, 5;
    %pushi/vec4 2, 0, 3;
    %assign/vec4 v000001f197228dd0_0, 0;
T_0.6 ;
    %load/vec4 v000001f197228dd0_0;
    %pad/u 32;
    %cmpi/e 2, 0, 32;
    %jmp/0xz  T_0.8, 4;
    %load/vec4 v000001f1971e3930_0;
    %ix/load 4, 16, 0;
    %ix/load 5, 0, 0;
    %flag_set/imm 4, 0;
    %assign/vec4/off/d v000001f19721f580_0, 4, 5;
    %pushi/vec4 3, 0, 3;
    %assign/vec4 v000001f197228dd0_0, 0;
T_0.8 ;
    %load/vec4 v000001f197228dd0_0;
    %pad/u 32;
    %cmpi/e 3, 0, 32;
    %jmp/0xz  T_0.10, 4;
    %load/vec4 v000001f1971e3930_0;
    %ix/load 4, 24, 0;
    %ix/load 5, 0, 0;
    %flag_set/imm 4, 0;
    %assign/vec4/off/d v000001f19721f580_0, 4, 5;
    %pushi/vec4 4, 0, 3;
    %assign/vec4 v000001f197228dd0_0, 0;
T_0.10 ;
T_0.2 ;
    %jmp T_0;
    .thread T_0;
    .scope S_000001f197228ab0;
T_1 ;
    %wait E_000001f19720b010;
    %load/vec4 v000001f197279010_0;
    %flag_set/vec4 8;
    %jmp/0xz  T_1.0, 8;
    %pushi/vec4 0, 0, 8;
    %assign/vec4 v000001f1971e2ec0_0, 0;
    %pushi/vec4 0, 0, 3;
    %assign/vec4 v000001f1971e2ce0_0, 0;
    %jmp T_1.1;
T_1.0 ;
    %load/vec4 v000001f1971e3000_0;
    %nor/r;
    %load/vec4 v000001f1971e30a0_0;
    %pad/u 32;
    %pushi/vec4 0, 0, 32;
    %cmp/ne;
    %flag_get/vec4 4;
    %and;
    %flag_set/vec4 8;
    %jmp/0xz  T_1.2, 8;
    %load/vec4 v000001f1971e2ce0_0;
    %dup/vec4;
    %pushi/vec4 0, 0, 3;
    %cmp/u;
    %jmp/1 T_1.4, 6;
    %dup/vec4;
    %pushi/vec4 1, 0, 3;
    %cmp/u;
    %jmp/1 T_1.5, 6;
    %dup/vec4;
    %pushi/vec4 2, 0, 3;
    %cmp/u;
    %jmp/1 T_1.6, 6;
    %dup/vec4;
    %pushi/vec4 3, 0, 3;
    %cmp/u;
    %jmp/1 T_1.7, 6;
    %pushi/vec4 0, 0, 8;
    %assign/vec4 v000001f1971e2ec0_0, 0;
    %jmp T_1.9;
T_1.4 ;
    %load/vec4 v000001f1971e2f60_0;
    %parti/s 8, 0, 2;
    %load/vec4 v000001f1971e2e20_0;
    %xor;
    %assign/vec4 v000001f1971e2ec0_0, 0;
    %jmp T_1.9;
T_1.5 ;
    %load/vec4 v000001f1971e2f60_0;
    %parti/s 8, 8, 5;
    %load/vec4 v000001f1971e2e20_0;
    %xor;
    %assign/vec4 v000001f1971e2ec0_0, 0;
    %jmp T_1.9;
T_1.6 ;
    %load/vec4 v000001f1971e2f60_0;
    %parti/s 8, 16, 6;
    %load/vec4 v000001f1971e2e20_0;
    %xor;
    %assign/vec4 v000001f1971e2ec0_0, 0;
    %jmp T_1.9;
T_1.7 ;
    %load/vec4 v000001f1971e2f60_0;
    %parti/s 8, 24, 6;
    %load/vec4 v000001f1971e2e20_0;
    %xor;
    %assign/vec4 v000001f1971e2ec0_0, 0;
    %jmp T_1.9;
T_1.9 ;
    %pop/vec4 1;
    %load/vec4 v000001f1971e2ce0_0;
    %pad/u 32;
    %load/vec4 v000001f1971e30a0_0;
    %pad/u 32;
    %subi 1, 0, 32;
    %cmp/e;
    %jmp/0xz  T_1.10, 4;
    %pushi/vec4 0, 0, 3;
    %assign/vec4 v000001f1971e2ce0_0, 0;
    %jmp T_1.11;
T_1.10 ;
    %load/vec4 v000001f1971e2ce0_0;
    %addi 1, 0, 3;
    %assign/vec4 v000001f1971e2ce0_0, 0;
T_1.11 ;
T_1.2 ;
T_1.1 ;
    %jmp T_1;
    .thread T_1;
    .scope S_000001f197208c90;
T_2 ;
    %vpi_func 2 38 "$fopen" 32, "data.txt", "r" {0 0 0};
    %store/vec4 v000001f197279420_0, 0, 32;
    %load/vec4 v000001f197279420_0;
    %cmpi/e 0, 0, 32;
    %jmp/0xz  T_2.0, 4;
    %vpi_call 2 40 "$display", "Failed to open file" {0 0 0};
    %vpi_call 2 41 "$finish" {0 0 0};
T_2.0 ;
    %pushi/vec4 0, 0, 8;
    %store/vec4 v000001f19727a0a0_0, 0, 8;
    %vpi_func 2 44 "$fgetc" 32, v000001f197279420_0 {0 0 0};
    %pad/s 8;
    %store/vec4 v000001f1972790b0_0, 0, 8;
T_2.2 ;
    %load/vec4 v000001f1972790b0_0;
    %pad/u 32;
    %pushi/vec4 4294967295, 0, 32;
    %cmp/ne;
    %flag_get/vec4 4;
    %load/vec4 v000001f1972790b0_0;
    %pushi/vec4 10, 0, 8;
    %cmp/ne;
    %flag_get/vec4 4;
    %and;
    %flag_set/vec4 8;
    %jmp/0xz T_2.3, 8;
    %load/vec4 v000001f1972790b0_0;
    %cmpi/ne 10, 0, 8;
    %jmp/0xz  T_2.4, 4;
    %load/vec4 v000001f1972790b0_0;
    %ix/getv 4, v000001f19727a0a0_0;
    %store/vec4a v000001f197279a60, 4, 0;
    %load/vec4 v000001f19727a0a0_0;
    %addi 1, 0, 8;
    %store/vec4 v000001f19727a0a0_0, 0, 8;
    %vpi_func 2 49 "$fgetc" 32, v000001f197279420_0 {0 0 0};
    %pad/s 8;
    %store/vec4 v000001f1972790b0_0, 0, 8;
T_2.4 ;
    %jmp T_2.2;
T_2.3 ;
    %pushi/vec4 0, 0, 11;
    %store/vec4 v000001f197279b00_0, 0, 11;
    %vpi_func 2 53 "$fgetc" 32, v000001f197279420_0 {0 0 0};
    %pad/s 8;
    %store/vec4 v000001f1972790b0_0, 0, 8;
T_2.6 ;
    %load/vec4 v000001f1972790b0_0;
    %pad/u 32;
    %pushi/vec4 4294967295, 0, 32;
    %cmp/ne;
    %flag_get/vec4 4;
    %load/vec4 v000001f1972790b0_0;
    %pushi/vec4 10, 0, 8;
    %cmp/ne;
    %flag_get/vec4 4;
    %and;
    %flag_set/vec4 8;
    %jmp/0xz T_2.7, 8;
    %load/vec4 v000001f1972790b0_0;
    %cmpi/ne 10, 0, 8;
    %jmp/0xz  T_2.8, 4;
    %load/vec4 v000001f1972790b0_0;
    %load/vec4 v000001f197279b00_0;
    %pad/u 12;
    %ix/vec4 4;
    %store/vec4a v000001f1972799c0, 4, 0;
    %load/vec4 v000001f197279b00_0;
    %addi 1, 0, 11;
    %store/vec4 v000001f197279b00_0, 0, 11;
    %vpi_func 2 58 "$fgetc" 32, v000001f197279420_0 {0 0 0};
    %pad/s 8;
    %store/vec4 v000001f1972790b0_0, 0, 8;
T_2.8 ;
    %jmp T_2.6;
T_2.7 ;
    %vpi_call 2 62 "$fclose", v000001f197279420_0 {0 0 0};
    %pushi/vec4 0, 0, 1;
    %store/vec4 v000001f197279150_0, 0, 1;
    %delay 10, 0;
    %pushi/vec4 0, 0, 1;
    %store/vec4 v000001f1972796a0_0, 0, 1;
    %pushi/vec4 0, 0, 8;
    %store/vec4 v000001f197279c40_0, 0, 8;
    %pushi/vec4 1, 0, 1;
    %store/vec4 v000001f197279ba0_0, 0, 1;
    %pushi/vec4 1, 0, 1;
    %store/vec4 v000001f197279150_0, 0, 1;
    %delay 5, 0;
    %pushi/vec4 0, 0, 1;
    %store/vec4 v000001f197279150_0, 0, 1;
    %delay 5, 0;
    %pushi/vec4 0, 0, 1;
    %store/vec4 v000001f197279ba0_0, 0, 1;
    %pushi/vec4 1, 0, 1;
    %store/vec4 v000001f1972796a0_0, 0, 1;
    %pushi/vec4 0, 0, 32;
    %store/vec4 v000001f197279600_0, 0, 32;
T_2.10 ;
    %load/vec4 v000001f197279600_0;
    %load/vec4 v000001f19727a0a0_0;
    %pad/u 32;
    %cmp/u;
    %jmp/0xz T_2.11, 5;
    %ix/getv/s 4, v000001f197279600_0;
    %load/vec4a v000001f197279a60, 4;
    %store/vec4 v000001f197279c40_0, 0, 8;
    %pushi/vec4 1, 0, 1;
    %store/vec4 v000001f197279150_0, 0, 1;
    %delay 5, 0;
    %pushi/vec4 0, 0, 1;
    %store/vec4 v000001f197279150_0, 0, 1;
    %delay 5, 0;
    %load/vec4 v000001f197279600_0;
    %addi 1, 0, 32;
    %store/vec4 v000001f197279600_0, 0, 32;
    %jmp T_2.10;
T_2.11 ;
    %pushi/vec4 0, 0, 1;
    %store/vec4 v000001f1972796a0_0, 0, 1;
    %pushi/vec4 0, 0, 32;
    %store/vec4 v000001f197279600_0, 0, 32;
T_2.12 ;
    %load/vec4 v000001f197279600_0;
    %load/vec4 v000001f197279b00_0;
    %pad/u 32;
    %cmp/u;
    %jmp/0xz T_2.13, 5;
    %ix/getv/s 4, v000001f197279600_0;
    %load/vec4a v000001f1972799c0, 4;
    %store/vec4 v000001f197279c40_0, 0, 8;
    %pushi/vec4 1, 0, 1;
    %store/vec4 v000001f197279150_0, 0, 1;
    %delay 5, 0;
    %pushi/vec4 0, 0, 1;
    %store/vec4 v000001f197279150_0, 0, 1;
    %delay 5, 0;
    %load/vec4 v000001f197279f60_0;
    %ix/getv/s 4, v000001f197279600_0;
    %store/vec4a v000001f19727a000, 4, 0;
    %load/vec4 v000001f197279600_0;
    %addi 1, 0, 32;
    %store/vec4 v000001f197279600_0, 0, 32;
    %jmp T_2.12;
T_2.13 ;
    %pushi/vec4 0, 0, 32;
    %store/vec4 v000001f197279600_0, 0, 32;
T_2.14 ;
    %load/vec4 v000001f197279600_0;
    %load/vec4 v000001f197279b00_0;
    %pad/u 32;
    %cmp/u;
    %jmp/0xz T_2.15, 5;
    %vpi_call 2 93 "$display", "%h", &A<v000001f19727a000, v000001f197279600_0 > {0 0 0};
    %load/vec4 v000001f197279600_0;
    %addi 1, 0, 32;
    %store/vec4 v000001f197279600_0, 0, 32;
    %jmp T_2.14;
T_2.15 ;
    %vpi_call 2 95 "$finish" {0 0 0};
    %end;
    .thread T_2;
# The file index is used to find the file name in the following table.
:file_names 5;
    "N/A";
    "<interactive>";
    "UI_tb.v";
    "DEA.v";
    "key_reg.v";
